<?xml version="1.0" encoding="UTF-8" ?>
<testsuite failures="0" time="0.476" errors="0" skipped="0" tests="1" name="TestSuite">
  <properties>
    <property name="java.runtime.name" value="Java(TM) SE Runtime Environment"/>
    <property name="sun.boot.library.path" value="C:\Program Files (x86)\Java\jdk1.6.0_20\jre\bin"/>
    <property name="java.vm.version" value="16.3-b01"/>
    <property name="java.vm.vendor" value="Sun Microsystems Inc."/>
    <property name="java.vendor.url" value="http://java.sun.com/"/>
    <property name="path.separator" value=";"/>
    <property name="java.vm.name" value="Java HotSpot(TM) Client VM"/>
    <property name="file.encoding.pkg" value="sun.io"/>
    <property name="user.country" value="CA"/>
    <property name="sun.java.launcher" value="SUN_STANDARD"/>
    <property name="sun.os.patch.level" value=""/>
    <property name="java.vm.specification.name" value="Java Virtual Machine Specification"/>
    <property name="user.dir" value="C:\Users\samaneh\workspace\fab4browserpackage-0.99-N\RESTAnnotationServerConnector"/>
    <property name="java.runtime.version" value="1.6.0_20-b02"/>
    <property name="java.awt.graphicsenv" value="sun.awt.Win32GraphicsEnvironment"/>
    <property name="basedir" value="C:\Users\samaneh\workspace\fab4browserpackage-0.99-N\RESTAnnotationServerConnector"/>
    <property name="java.endorsed.dirs" value="C:\Program Files (x86)\Java\jdk1.6.0_20\jre\lib\endorsed"/>
    <property name="os.arch" value="x86"/>
    <property name="surefire.real.class.path" value="C:\Users\samaneh\AppData\Local\Temp\surefirebooter8907828055928471732.jar"/>
    <property name="java.io.tmpdir" value="C:\Users\samaneh\AppData\Local\Temp\"/>
    <property name="line.separator" value="
"/>
    <property name="java.vm.specification.vendor" value="Sun Microsystems Inc."/>
    <property name="user.variant" value=""/>
    <property name="os.name" value="Windows 7"/>
    <property name="sun.jnu.encoding" value="Cp1252"/>
    <property name="java.library.path" value="C:\Program Files (x86)\Java\jdk1.6.0_20\jre\bin;.;C:\Windows\Sun\Java\bin;C:\Windows\system32;C:\Windows;C:/Program Files (x86)/Java/jdk1.6.0_20/bin/../jre/bin/client;C:/Program Files (x86)/Java/jdk1.6.0_20/bin/../jre/bin;C:\Program Files (x86)\Mendeley Desktop\wordPlugin;C:\Program Files (x86)\Java\jdk1.6.0_20\bin;c:\program files (x86)\miktex 2.8\miktex\bin;c:\program files (x86)\javafx\javafx-sdk1.3\bin;c:\program files (x86)\javafx\javafx-sdk1.3\emulator\bin;C:\Windows\system32;C:\Windows;C:\Windows\system32\wbem;C:\Windows\system32\windowspowershell\v1.0\;c:\program files (x86)\ati technologies\ati.ace\core-static;c:\program files (x86)\common files\roxio shared\10.0\dllshared\;c:\program files (x86)\common files\roxio shared\dllshared\;c:\program files\ibm\gsk8\lib64;C:\PROGRA~1\IBM\SQLLIB\BIN;C:\PROGRA~1\IBM\SQLLIB\FUNCTION;C:\PROGRA~1\IBM\SQLLIB\SAMPLES\REPL;C:\Program Files (x86)\SlikSvn\bin\;C:\Program Files\TortoiseSVN\bin;C:\Program Files\apache-maven-2.2.1\bin;%M2%"/>
    <property name="surefire.test.class.path" value="C:\Users\samaneh\workspace\fab4browserpackage-0.99-N\RESTAnnotationServerConnector\target\test-classes;C:\Users\samaneh\workspace\fab4browserpackage-0.99-N\RESTAnnotationServerConnector\target\classes;C:\Users\samaneh\.m2\repository\junit\junit\3.8.1\junit-3.8.1.jar;C:\Users\samaneh\.m2\repository\com\sun\jersey\jersey-server\1.0.3\jersey-server-1.0.3.jar;C:\Users\samaneh\.m2\repository\com\sun\jersey\jersey-core\1.0.3\jersey-core-1.0.3.jar;C:\Users\samaneh\.m2\repository\javax\ws\rs\jsr311-api\1.0\jsr311-api-1.0.jar;C:\Users\samaneh\.m2\repository\asm\asm\3.1\asm-3.1.jar;C:\Users\samaneh\.m2\repository\com\sun\grizzly\grizzly-servlet-webserver\1.8.6.4\grizzly-servlet-webserver-1.8.6.4.jar;C:\Users\samaneh\.m2\repository\com\sun\grizzly\grizzly-http\1.8.6.4\grizzly-http-1.8.6.4.jar;C:\Users\samaneh\.m2\repository\com\sun\grizzly\grizzly-framework\1.8.6.4\grizzly-framework-1.8.6.4.jar;C:\Users\samaneh\.m2\repository\com\sun\grizzly\grizzly-http-utils\1.8.6.4\grizzly-http-utils-1.8.6.4.jar;C:\Users\samaneh\.m2\repository\com\sun\grizzly\grizzly-rcm\1.8.6.4\grizzly-rcm-1.8.6.4.jar;C:\Users\samaneh\.m2\repository\com\sun\grizzly\grizzly-portunif\1.8.6.4\grizzly-portunif-1.8.6.4.jar;C:\Users\samaneh\.m2\repository\com\sun\grizzly\grizzly-http-servlet\1.8.6.4\grizzly-http-servlet-1.8.6.4.jar;C:\Users\samaneh\.m2\repository\javax\servlet\servlet-api\2.5\servlet-api-2.5.jar;C:\Users\samaneh\.m2\repository\com\sun\jersey\jersey-client\1.0.3\jersey-client-1.0.3.jar;C:\Users\samaneh\.m2\repository\com\sun\jersey\contribs\jersey-apache-client\1.0.3\jersey-apache-client-1.0.3.jar;C:\Users\samaneh\.m2\repository\commons-httpclient\commons-httpclient\3.1\commons-httpclient-3.1.jar;C:\Users\samaneh\.m2\repository\commons-logging\commons-logging\1.0.4\commons-logging-1.0.4.jar;C:\Users\samaneh\.m2\repository\commons-codec\commons-codec\1.2\commons-codec-1.2.jar;C:\Users\samaneh\.m2\repository\uk\ac\liverpool\fab4browser\fab4annotations\0.99\fab4annotations-0.99.jar;C:\Users\samaneh\.m2\repository\org\apache\lucene\lucene-core\2.9.1\lucene-core-2.9.1.jar;C:\Users\samaneh\.m2\repository\uk\ac\liverpool\fab4browser\fab4browser\0.99\fab4browser-0.99.jar;C:\Users\samaneh\.m2\repository\commons-vfs\commons-vfs\1.0\commons-vfs-1.0.jar;C:\Users\samaneh\.m2\repository\org\jdom\jdom\1.1\jdom-1.1.jar;C:\Users\samaneh\.m2\repository\net\sf\junique\junique\0.4\junique-0.4.jar;C:\Users\samaneh\.m2\repository\net\sf\loopy\loopy\0.3\loopy-0.3.jar;C:\Users\samaneh\.m2\repository\com\sum\mediax\jai_imageio\1.1\jai_imageio-1.1.jar;C:\Users\samaneh\.m2\repository\uk\ac\liverpool\fab4browser\multivalent4fab4\0.99\multivalent4fab4-0.99.jar;C:\Users\samaneh\.m2\repository\com\drewnoakes\metadata-extractor\2.4.0-beta-1\metadata-extractor-2.4.0-beta-1.jar;C:\Users\samaneh\.m2\repository\uk\ac\liverpool\fab4browser\fab4browserutility\0.99\fab4browserutility-0.99.jar;C:\Users\samaneh\.m2\repository\net\sf\multivalent\multivalent\20060102bin\multivalent-20060102bin.jar;C:\Users\samaneh\.m2\repository\org\ibex\nestedvm\nestedvmlib\20090809\nestedvmlib-20090809.jar;C:\Users\samaneh\.m2\repository\org\simplx\simplx\0.8.4\simplx-0.8.4.jar;C:\Users\samaneh\.m2\repository\commons-lang\commons-lang\2.4\commons-lang-2.4.jar;C:\Users\samaneh\.m2\repository\commons-io\commons-io\1.4\commons-io-1.4.jar;C:\Users\samaneh\.m2\repository\com\thoughtworks\xstream\xstream\1.3.1\xstream-1.3.1.jar;C:\Users\samaneh\.m2\repository\xpp3\xpp3_min\1.1.4c\xpp3_min-1.1.4c.jar;C:\Users\samaneh\.m2\repository\org\testng\testng\5.11\testng-5.11-jdk15.jar;C:\Users\samaneh\.m2\repository\file\file\1.0\file-1.0.jar;C:\Users\samaneh\.m2\repository\jaxen\jaxen\1.1.1\jaxen-1.1.1.jar;C:\Users\samaneh\.m2\repository\org\swinglabs\swing-layout\1.0.3\swing-layout-1.0.3.jar;C:\Users\samaneh\.m2\repository\org\apache\santuario\xmlsec\1.4.2\xmlsec-1.4.2.jar;C:\Users\samaneh\.m2\repository\com\sun\jersey\jersey-json\1.0.3\jersey-json-1.0.3.jar;C:\Users\samaneh\.m2\repository\org\codehaus\jettison\jettison\1.0.1\jettison-1.0.1.jar;C:\Users\samaneh\.m2\repository\stax\stax-api\1.0.1\stax-api-1.0.1.jar;C:\Users\samaneh\.m2\repository\com\sun\xml\bind\jaxb-impl\2.1.10\jaxb-impl-2.1.10.jar;C:\Users\samaneh\.m2\repository\javax\xml\bind\jaxb-api\2.1\jaxb-api-2.1.jar;C:\Users\samaneh\.m2\repository\javax\xml\stream\stax-api\1.0-2\stax-api-1.0-2.jar;C:\Users\samaneh\.m2\repository\javax\activation\activation\1.1\activation-1.1.jar;C:\Users\samaneh\.m2\repository\org\codehaus\jackson\jackson-asl\0.9.4\jackson-asl-0.9.4.jar;C:\Users\samaneh\.m2\repository\jaxb\jaxb-api\1.5\jaxb-api-1.5.jar;C:\Users\samaneh\.m2\repository\jaxb\jaxb-impl\1.0.5\jaxb-impl-1.0.5.jar;C:\Users\samaneh\.m2\repository\jaxb\jaxb-libs\1.0.5\jaxb-libs-1.0.5.jar;"/>
    <property name="java.specification.name" value="Java Platform API Specification"/>
    <property name="java.class.version" value="50.0"/>
    <property name="sun.management.compiler" value="HotSpot Client Compiler"/>
    <property name="os.version" value="6.1"/>
    <property name="user.home" value="C:\Users\samaneh"/>
    <property name="user.timezone" value="America/Denver"/>
    <property name="java.awt.printerjob" value="sun.awt.windows.WPrinterJob"/>
    <property name="java.specification.version" value="1.6"/>
    <property name="file.encoding" value="Cp1252"/>
    <property name="user.name" value="samaneh"/>
    <property name="java.class.path" value="C:\Users\samaneh\workspace\fab4browserpackage-0.99-N\RESTAnnotationServerConnector\target\test-classes;C:\Users\samaneh\workspace\fab4browserpackage-0.99-N\RESTAnnotationServerConnector\target\classes;C:\Users\samaneh\.m2\repository\junit\junit\3.8.1\junit-3.8.1.jar;C:\Users\samaneh\.m2\repository\com\sun\jersey\jersey-server\1.0.3\jersey-server-1.0.3.jar;C:\Users\samaneh\.m2\repository\com\sun\jersey\jersey-core\1.0.3\jersey-core-1.0.3.jar;C:\Users\samaneh\.m2\repository\javax\ws\rs\jsr311-api\1.0\jsr311-api-1.0.jar;C:\Users\samaneh\.m2\repository\asm\asm\3.1\asm-3.1.jar;C:\Users\samaneh\.m2\repository\com\sun\grizzly\grizzly-servlet-webserver\1.8.6.4\grizzly-servlet-webserver-1.8.6.4.jar;C:\Users\samaneh\.m2\repository\com\sun\grizzly\grizzly-http\1.8.6.4\grizzly-http-1.8.6.4.jar;C:\Users\samaneh\.m2\repository\com\sun\grizzly\grizzly-framework\1.8.6.4\grizzly-framework-1.8.6.4.jar;C:\Users\samaneh\.m2\repository\com\sun\grizzly\grizzly-http-utils\1.8.6.4\grizzly-http-utils-1.8.6.4.jar;C:\Users\samaneh\.m2\repository\com\sun\grizzly\grizzly-rcm\1.8.6.4\grizzly-rcm-1.8.6.4.jar;C:\Users\samaneh\.m2\repository\com\sun\grizzly\grizzly-portunif\1.8.6.4\grizzly-portunif-1.8.6.4.jar;C:\Users\samaneh\.m2\repository\com\sun\grizzly\grizzly-http-servlet\1.8.6.4\grizzly-http-servlet-1.8.6.4.jar;C:\Users\samaneh\.m2\repository\javax\servlet\servlet-api\2.5\servlet-api-2.5.jar;C:\Users\samaneh\.m2\repository\com\sun\jersey\jersey-client\1.0.3\jersey-client-1.0.3.jar;C:\Users\samaneh\.m2\repository\com\sun\jersey\contribs\jersey-apache-client\1.0.3\jersey-apache-client-1.0.3.jar;C:\Users\samaneh\.m2\repository\commons-httpclient\commons-httpclient\3.1\commons-httpclient-3.1.jar;C:\Users\samaneh\.m2\repository\commons-logging\commons-logging\1.0.4\commons-logging-1.0.4.jar;C:\Users\samaneh\.m2\repository\commons-codec\commons-codec\1.2\commons-codec-1.2.jar;C:\Users\samaneh\.m2\repository\uk\ac\liverpool\fab4browser\fab4annotations\0.99\fab4annotations-0.99.jar;C:\Users\samaneh\.m2\repository\org\apache\lucene\lucene-core\2.9.1\lucene-core-2.9.1.jar;C:\Users\samaneh\.m2\repository\uk\ac\liverpool\fab4browser\fab4browser\0.99\fab4browser-0.99.jar;C:\Users\samaneh\.m2\repository\commons-vfs\commons-vfs\1.0\commons-vfs-1.0.jar;C:\Users\samaneh\.m2\repository\org\jdom\jdom\1.1\jdom-1.1.jar;C:\Users\samaneh\.m2\repository\net\sf\junique\junique\0.4\junique-0.4.jar;C:\Users\samaneh\.m2\repository\net\sf\loopy\loopy\0.3\loopy-0.3.jar;C:\Users\samaneh\.m2\repository\com\sum\mediax\jai_imageio\1.1\jai_imageio-1.1.jar;C:\Users\samaneh\.m2\repository\uk\ac\liverpool\fab4browser\multivalent4fab4\0.99\multivalent4fab4-0.99.jar;C:\Users\samaneh\.m2\repository\com\drewnoakes\metadata-extractor\2.4.0-beta-1\metadata-extractor-2.4.0-beta-1.jar;C:\Users\samaneh\.m2\repository\uk\ac\liverpool\fab4browser\fab4browserutility\0.99\fab4browserutility-0.99.jar;C:\Users\samaneh\.m2\repository\net\sf\multivalent\multivalent\20060102bin\multivalent-20060102bin.jar;C:\Users\samaneh\.m2\repository\org\ibex\nestedvm\nestedvmlib\20090809\nestedvmlib-20090809.jar;C:\Users\samaneh\.m2\repository\org\simplx\simplx\0.8.4\simplx-0.8.4.jar;C:\Users\samaneh\.m2\repository\commons-lang\commons-lang\2.4\commons-lang-2.4.jar;C:\Users\samaneh\.m2\repository\commons-io\commons-io\1.4\commons-io-1.4.jar;C:\Users\samaneh\.m2\repository\com\thoughtworks\xstream\xstream\1.3.1\xstream-1.3.1.jar;C:\Users\samaneh\.m2\repository\xpp3\xpp3_min\1.1.4c\xpp3_min-1.1.4c.jar;C:\Users\samaneh\.m2\repository\org\testng\testng\5.11\testng-5.11-jdk15.jar;C:\Users\samaneh\.m2\repository\file\file\1.0\file-1.0.jar;C:\Users\samaneh\.m2\repository\jaxen\jaxen\1.1.1\jaxen-1.1.1.jar;C:\Users\samaneh\.m2\repository\org\swinglabs\swing-layout\1.0.3\swing-layout-1.0.3.jar;C:\Users\samaneh\.m2\repository\org\apache\santuario\xmlsec\1.4.2\xmlsec-1.4.2.jar;C:\Users\samaneh\.m2\repository\com\sun\jersey\jersey-json\1.0.3\jersey-json-1.0.3.jar;C:\Users\samaneh\.m2\repository\org\codehaus\jettison\jettison\1.0.1\jettison-1.0.1.jar;C:\Users\samaneh\.m2\repository\stax\stax-api\1.0.1\stax-api-1.0.1.jar;C:\Users\samaneh\.m2\repository\com\sun\xml\bind\jaxb-impl\2.1.10\jaxb-impl-2.1.10.jar;C:\Users\samaneh\.m2\repository\javax\xml\bind\jaxb-api\2.1\jaxb-api-2.1.jar;C:\Users\samaneh\.m2\repository\javax\xml\stream\stax-api\1.0-2\stax-api-1.0-2.jar;C:\Users\samaneh\.m2\repository\javax\activation\activation\1.1\activation-1.1.jar;C:\Users\samaneh\.m2\repository\org\codehaus\jackson\jackson-asl\0.9.4\jackson-asl-0.9.4.jar;C:\Users\samaneh\.m2\repository\jaxb\jaxb-api\1.5\jaxb-api-1.5.jar;C:\Users\samaneh\.m2\repository\jaxb\jaxb-impl\1.0.5\jaxb-impl-1.0.5.jar;C:\Users\samaneh\.m2\repository\jaxb\jaxb-libs\1.0.5\jaxb-libs-1.0.5.jar;"/>
    <property name="java.vm.specification.version" value="1.0"/>
    <property name="sun.arch.data.model" value="32"/>
    <property name="java.home" value="C:\Program Files (x86)\Java\jdk1.6.0_20\jre"/>
    <property name="java.specification.vendor" value="Sun Microsystems Inc."/>
    <property name="user.language" value="en"/>
    <property name="awt.toolkit" value="sun.awt.windows.WToolkit"/>
    <property name="java.vm.info" value="mixed mode"/>
    <property name="java.version" value="1.6.0_20"/>
    <property name="java.ext.dirs" value="C:\Program Files (x86)\Java\jdk1.6.0_20\jre\lib\ext;C:\Windows\Sun\Java\lib\ext"/>
    <property name="sun.boot.class.path" value="C:\Program Files (x86)\Java\jdk1.6.0_20\jre\lib\resources.jar;C:\Program Files (x86)\Java\jdk1.6.0_20\jre\lib\rt.jar;C:\Program Files (x86)\Java\jdk1.6.0_20\jre\lib\sunrsasign.jar;C:\Program Files (x86)\Java\jdk1.6.0_20\jre\lib\jsse.jar;C:\Program Files (x86)\Java\jdk1.6.0_20\jre\lib\jce.jar;C:\Program Files (x86)\Java\jdk1.6.0_20\jre\lib\charsets.jar;C:\Program Files (x86)\Java\jdk1.6.0_20\jre\classes"/>
    <property name="java.vendor" value="Sun Microsystems Inc."/>
    <property name="localRepository" value="C:\Users\samaneh\.m2\repository"/>
    <property name="file.separator" value="\"/>
    <property name="java.vendor.url.bug" value="http://java.sun.com/cgi-bin/bugreport.cgi"/>
    <property name="sun.cpu.endian" value="little"/>
    <property name="sun.io.unicode.encoding" value="UnicodeLittle"/>
    <property name="sun.desktop" value="windows"/>
    <property name="sun.cpu.isalist" value="pentium_pro+mmx pentium_pro pentium+mmx pentium i486 i386 i86"/>
  </properties>
  <testcase time="0" classname="ca.ualberta.cs.RESTServerConnector.AppTest" name="testApp on instance testApp"/>
</testsuite>